<?xml version="1.0" encoding="UTF-8" ?>
<testsuite failures="0" time="13.07" errors="0" skipped="0" tests="1" name="com.taotao.controller.TestPageHelper">
  <properties>
    <property name="java.runtime.name" value="Java(TM) SE Runtime Environment"/>
    <property name="sun.boot.library.path" value="F:\Wind\DevSoft\Java\jdk1.7\bin"/>
    <property name="java.vm.version" value="24.80-b11"/>
    <property name="java.vm.vendor" value="Oracle Corporation"/>
    <property name="maven.multiModuleProjectDirectory" value="D:\DevRepository\GitRepository\TaoTao\taotao-manager"/>
    <property name="java.vendor.url" value="http://java.oracle.com/"/>
    <property name="path.separator" value=";"/>
    <property name="guice.disable.misplaced.annotation.check" value="true"/>
    <property name="java.vm.name" value="Java HotSpot(TM) 64-Bit Server VM"/>
    <property name="file.encoding.pkg" value="sun.io"/>
    <property name="user.script" value=""/>
    <property name="user.country" value="CN"/>
    <property name="sun.java.launcher" value="SUN_STANDARD"/>
    <property name="sun.os.patch.level" value=""/>
    <property name="java.vm.specification.name" value="Java Virtual Machine Specification"/>
    <property name="user.dir" value="D:\DevRepository\GitRepository\TaoTao\taotao-manager"/>
    <property name="java.runtime.version" value="1.7.0_80-b15"/>
    <property name="java.awt.graphicsenv" value="sun.awt.Win32GraphicsEnvironment"/>
    <property name="java.endorsed.dirs" value="F:\Wind\DevSoft\Java\jdk1.7\lib\endorsed"/>
    <property name="os.arch" value="amd64"/>
    <property name="java.io.tmpdir" value="C:\Users\Admin\AppData\Local\Temp\"/>
    <property name="line.separator" value="
"/>
    <property name="java.vm.specification.vendor" value="Oracle Corporation"/>
    <property name="user.variant" value=""/>
    <property name="os.name" value="Windows 8.1"/>
    <property name="classworlds.conf" value="F:\Study\.metadata\.plugins\org.eclipse.m2e.launching\launches\m2conf7280293064687417939.tmp"/>
    <property name="sun.jnu.encoding" value="GBK"/>
    <property name="java.library.path" value="F:\Wind\DevSoft\Java\jdk1.7\bin;C:\WINDOWS\Sun\Java\bin;C:\WINDOWS\system32;C:\WINDOWS;C:\ProgramData\Oracle\Java\javapath;F:\Wind\DevSoft\Oracle\oracle\product\10.2.0\db_2\bin;C:\WINDOWS\system32;C:\WINDOWS;C:\WINDOWS\System32\Wbem;C:\WINDOWS\System32\WindowsPowerShell\v1.0\;C:\Program Files (x86)\ATI Technologies\ATI.ACE\Core-Static;F:\Wind\DevSoft\Java\jdk1.8.0_161\bin;F:\Wind\DevSoft\apache-maven-3.6.0\bin;D:\apache-tomcat-7.0.79\lib;D:\apache-tomcat-7.0.79\bin;C:\Program Files\TortoiseSVN\bin;C:\WINDOWS\System32\OpenSSH\;F:\Wind\DevSoft\MySQL\bin;F:\Wind\DevSoft\MySQL\MySQL Server 5.5\bin;%MAVEN_HOME2%\bin;C:\Program Files\MySQL\MySQL Server 5.7\bin;F:\Wind\DevSoft\Git\cmd;C:\Program Files\nodejs\;C:\Users\Admin\AppData\Local\Microsoft\WindowsApps;;F:\Wind\DevSoft\SSH Secure Shell;C:\Users\Admin\AppData\Roaming\npm;."/>
    <property name="java.specification.name" value="Java Platform API Specification"/>
    <property name="java.class.version" value="51.0"/>
    <property name="sun.management.compiler" value="HotSpot 64-Bit Tiered Compilers"/>
    <property name="os.version" value="6.3"/>
    <property name="user.home" value="C:\Users\Admin"/>
    <property name="user.timezone" value="Asia/Shanghai"/>
    <property name="java.awt.printerjob" value="sun.awt.windows.WPrinterJob"/>
    <property name="java.specification.version" value="1.7"/>
    <property name="file.encoding" value="utf-8"/>
    <property name="user.name" value="Admin"/>
    <property name="java.class.path" value="F:\Wind\DevSoft\apache-maven-3.6.0\boot\plexus-classworlds-2.5.2.jar"/>
    <property name="java.vm.specification.version" value="1.7"/>
    <property name="sun.arch.data.model" value="64"/>
    <property name="java.home" value="F:\Wind\DevSoft\Java\jdk1.7"/>
    <property name="sun.java.command" value="org.codehaus.plexus.classworlds.launcher.Launcher -B -gs F:\Wind\DevSoft\apache-maven-3.6.0\conf\settings.xml install"/>
    <property name="java.specification.vendor" value="Oracle Corporation"/>
    <property name="user.language" value="zh"/>
    <property name="awt.toolkit" value="sun.awt.windows.WToolkit"/>
    <property name="java.vm.info" value="mixed mode"/>
    <property name="java.version" value="1.7.0_80"/>
    <property name="java.ext.dirs" value="F:\Wind\DevSoft\Java\jdk1.7\lib\ext;C:\WINDOWS\Sun\Java\lib\ext"/>
    <property name="sun.boot.class.path" value="F:\Wind\DevSoft\Java\jdk1.7\lib\resources.jar;F:\Wind\DevSoft\Java\jdk1.7\lib\rt.jar;F:\Wind\DevSoft\Java\jdk1.7\lib\sunrsasign.jar;F:\Wind\DevSoft\Java\jdk1.7\lib\jsse.jar;F:\Wind\DevSoft\Java\jdk1.7\lib\jce.jar;F:\Wind\DevSoft\Java\jdk1.7\lib\charsets.jar;F:\Wind\DevSoft\Java\jdk1.7\lib\jfr.jar;F:\Wind\DevSoft\Java\jdk1.7\classes"/>
    <property name="java.vendor" value="Oracle Corporation"/>
    <property name="maven.home" value="F:\Wind\DevSoft\apache-maven-3.6.0"/>
    <property name="file.separator" value="\"/>
    <property name="java.vendor.url.bug" value="http://bugreport.sun.com/bugreport/"/>
    <property name="sun.cpu.endian" value="little"/>
    <property name="sun.io.unicode.encoding" value="UnicodeLittle"/>
    <property name="sun.desktop" value="windows"/>
    <property name="sun.cpu.isalist" value="amd64"/>
  </properties>
  <testcase time="13.07" classname="com.taotao.controller.TestPageHelper" name="testPageHelper"/>
</testsuite>