<?xml version="1.0" encoding="UTF-8" ?>
<testsuite failures="0" time="4.15" errors="0" skipped="0" tests="1" name="com.taotao.controller.TestPageHelper">
  <properties>
    <property name="java.runtime.name" value="Java(TM) SE Runtime Environment"/>
    <property name="sun.boot.library.path" value="D:\DevSoft\jdk1.7\jre\bin"/>
    <property name="java.vm.version" value="24.72-b04"/>
    <property name="java.vm.vendor" value="Oracle Corporation"/>
    <property name="maven.multiModuleProjectDirectory" value="D:\DevRepository\GitRepository\TaoTao\taotao-manager"/>
    <property name="java.vendor.url" value="http://java.oracle.com/"/>
    <property name="path.separator" value=";"/>
    <property name="guice.disable.misplaced.annotation.check" value="true"/>
    <property name="java.vm.name" value="Java HotSpot(TM) Client VM"/>
    <property name="file.encoding.pkg" value="sun.io"/>
    <property name="user.script" value=""/>
    <property name="user.country" value="CN"/>
    <property name="sun.java.launcher" value="SUN_STANDARD"/>
    <property name="sun.os.patch.level" value=""/>
    <property name="java.vm.specification.name" value="Java Virtual Machine Specification"/>
    <property name="user.dir" value="D:\DevRepository\GitRepository\TaoTao\taotao-manager"/>
    <property name="java.runtime.version" value="1.7.0_72-b14"/>
    <property name="java.awt.graphicsenv" value="sun.awt.Win32GraphicsEnvironment"/>
    <property name="java.endorsed.dirs" value="D:\DevSoft\jdk1.7\jre\lib\endorsed"/>
    <property name="os.arch" value="x86"/>
    <property name="java.io.tmpdir" value="C:\Users\Wind\AppData\Local\Temp\"/>
    <property name="line.separator" value="
"/>
    <property name="java.vm.specification.vendor" value="Oracle Corporation"/>
    <property name="user.variant" value=""/>
    <property name="os.name" value="Windows 8.1"/>
    <property name="classworlds.conf" value="D:\DevWorkspace\Eclipse\Study\.metadata\.plugins\org.eclipse.m2e.launching\launches\m2conf1437678408216177495.tmp"/>
    <property name="sun.jnu.encoding" value="GBK"/>
    <property name="java.library.path" value="D:\DevSoft\jdk1.7\bin;C:\Windows\Sun\Java\bin;C:\Windows\system32;C:\Windows;D:/DevSoft/Jre/bin/server;D:/DevSoft/Jre/bin;D:/DevSoft/Jre/lib/amd64;D:\oracle\product\10.2.0\client_1\bin;D:\oracle\product\10.2.0\db_1\bin;C:\ProgramData\Oracle\Java\javapath;C:\Windows\system32;C:\Windows;C:\Windows\System32\Wbem;C:\Windows\System32\WindowsPowerShell\v1.0\;C:\Program Files (x86)\NVIDIA Corporation\PhysX\Common;C:\Program Files\Intel\WiFi\bin\;C:\Program Files\Common Files\Intel\WirelessCommon\;C:\Windows\system32;C:\Windows;C:\Windows\System32\Wbem;C:\Windows\System32\WindowsPowerShell\v1.0\;C:\Windows\System32\OpenSSH\;D:\DevSoft\Jdk\bin;D:\DevSoft\MySQL\bin;D:\DevSoft\apache-maven-3.6.0\bin;D:\DevSoft\MySQL5.5\bin;D:\DevSoft\SVN Server\bin;D:\DevSoft\Sublime Text 3\Sublime Text 3;C:\Program Files\NVIDIA Corporation\NVIDIA NvDLISR;D:\DevSoft\SVN Tortoise\bin;D:\DevSoft\Git\Git\cmd;D:\DevSoft\Nodejs\;C:\Users\Wind\AppData\Local\Microsoft\WindowsApps;D:\DevSoft\SSHCommunicationsSecurity;C:\Users\Wind\AppData\Local\GitHubDesktop\bin;D:\DevSoft\SSH Secure Shell;C:\Users\Wind\AppData\Roaming\npm;D:\DevSoft\Eclipse-2018;;."/>
    <property name="java.specification.name" value="Java Platform API Specification"/>
    <property name="java.class.version" value="51.0"/>
    <property name="sun.management.compiler" value="HotSpot Client Compiler"/>
    <property name="os.version" value="6.3"/>
    <property name="user.home" value="C:\Users\Wind"/>
    <property name="user.timezone" value="Asia/Shanghai"/>
    <property name="java.awt.printerjob" value="sun.awt.windows.WPrinterJob"/>
    <property name="java.specification.version" value="1.7"/>
    <property name="file.encoding" value="utf-8"/>
    <property name="user.name" value="Wind"/>
    <property name="java.class.path" value="D:\DevSoft\apache-maven-3.6.0\boot\plexus-classworlds-2.5.2.jar"/>
    <property name="java.vm.specification.version" value="1.7"/>
    <property name="sun.arch.data.model" value="32"/>
    <property name="java.home" value="D:\DevSoft\jdk1.7\jre"/>
    <property name="sun.java.command" value="org.codehaus.plexus.classworlds.launcher.Launcher -B -gs D:\DevSoft\apache-maven-3.6.0\conf\settings.xml -s D:\DevSoft\apache-maven-3.6.0\conf\settings.xml install"/>
    <property name="java.specification.vendor" value="Oracle Corporation"/>
    <property name="user.language" value="zh"/>
    <property name="awt.toolkit" value="sun.awt.windows.WToolkit"/>
    <property name="java.vm.info" value="mixed mode, sharing"/>
    <property name="java.version" value="1.7.0_72"/>
    <property name="java.ext.dirs" value="D:\DevSoft\jdk1.7\jre\lib\ext;C:\Windows\Sun\Java\lib\ext"/>
    <property name="sun.boot.class.path" value="D:\DevSoft\jdk1.7\jre\lib\resources.jar;D:\DevSoft\jdk1.7\jre\lib\rt.jar;D:\DevSoft\jdk1.7\jre\lib\sunrsasign.jar;D:\DevSoft\jdk1.7\jre\lib\jsse.jar;D:\DevSoft\jdk1.7\jre\lib\jce.jar;D:\DevSoft\jdk1.7\jre\lib\charsets.jar;D:\DevSoft\jdk1.7\jre\lib\jfr.jar;D:\DevSoft\jdk1.7\jre\classes"/>
    <property name="java.vendor" value="Oracle Corporation"/>
    <property name="maven.home" value="D:\DevSoft\apache-maven-3.6.0"/>
    <property name="file.separator" value="\"/>
    <property name="java.vendor.url.bug" value="http://bugreport.sun.com/bugreport/"/>
    <property name="sun.cpu.endian" value="little"/>
    <property name="sun.io.unicode.encoding" value="UnicodeLittle"/>
    <property name="sun.desktop" value="windows"/>
    <property name="sun.cpu.isalist" value="pentium_pro+mmx pentium_pro pentium+mmx pentium i486 i386 i86"/>
  </properties>
  <testcase time="4.15" classname="com.taotao.controller.TestPageHelper" name="testPageHelper"/>
</testsuite>